<?xml version="1.0" encoding="UTF-8"?>
<testng-results skipped="0" failed="0" total="2" passed="2">
  <reporter-output>
  </reporter-output>
  <suite name="Default suite" duration-ms="58" started-at="2016-09-05T06:01:09Z" finished-at="2016-09-05T06:01:09Z">
    <groups>
    </groups>
    <test name="Default test" duration-ms="58" started-at="2016-09-05T06:01:09Z" finished-at="2016-09-05T06:01:09Z">
      <class name="com.NewTest">
        <test-method status="PASS" signature="f(java.lang.Integer, java.lang.String)[pri:0, instance:com.NewTest@7c0e2abd]" name="f" duration-ms="14" started-at="2016-09-05T11:31:09Z" data-provider="dp" finished-at="2016-09-05T11:31:09Z">
          <params>
            <param index="0">
              <value>
                <![CDATA[1]]>
              </value>
            </param>
            <param index="1">
              <value>
                <![CDATA[a]]>
              </value>
            </param>
          </params>
          <reporter-output>
          </reporter-output>
        </test-method> <!-- f -->
        <test-method status="PASS" signature="f(java.lang.Integer, java.lang.String)[pri:0, instance:com.NewTest@7c0e2abd]" name="f" duration-ms="1" started-at="2016-09-05T11:31:09Z" data-provider="dp" finished-at="2016-09-05T11:31:09Z">
          <params>
            <param index="0">
              <value>
                <![CDATA[2]]>
              </value>
            </param>
            <param index="1">
              <value>
                <![CDATA[b]]>
              </value>
            </param>
          </params>
          <reporter-output>
          </reporter-output>
        </test-method> <!-- f -->
      </class> <!-- com.NewTest -->
    </test> <!-- Default test -->
  </suite> <!-- Default suite -->
</testng-results>
